<?xml version="1.0" encoding="UTF-8"?>
<!-- Generated by org.testng.reporters.JUnitReportReporter -->
<testsuite hostname="DESKTOP-41KG1N0" failures="0" tests="1" name="testCases.Logintestcase" time="7.932" errors="0" timestamp="2024-05-23T17:39:50 IST" skipped="0">
  <testcase classname="testCases.Logintestcase" name="login" time="7.932"/>
</testsuite> <!-- testCases.Logintestcase -->
