<?xml version="1.0" encoding="UTF-8"?>
<!-- Generated by org.testng.reporters.JUnitReportReporter -->
<testsuite hostname="DESKTOP-41KG1N0" failures="0" tests="1" name="testCases.AccountRegistration" time="17.064" errors="0" timestamp="2024-05-24T07:38:34 IST" skipped="0">
  <testcase classname="testCases.AccountRegistration" name="registration" time="17.064"/>
</testsuite> <!-- testCases.AccountRegistration -->
